android-nsd-flow/build/intermediates/manifest_merge_blame_file/debug/manifest-merger-blame-debug-report.txt
1<?xml version="1.0" encoding="utf-8"?>
2<manifest xmlns:android="http://schemas.android.com/apk/res/android"
3    xmlns:tools="http://schemas.android.com/tools"
4    package="com.github.aroio" >
5
6    <uses-sdk android:minSdkVersion="26" />
7
8    <uses-permission android:name="android.permission.INTERNET" />
8-->src\main\AndroidManifest.xml:5:5-66
8-->src\main\AndroidManifest.xml:5:22-64
9    <uses-permission android:name="android.permission.ACCESS_WIFI_STATE" />
9-->src\main\AndroidManifest.xml:6:5-75
9-->src\main\AndroidManifest.xml:6:22-73
10    <uses-permission android:name="android.permission.ACCESS_NETWORK_STATE" />
10-->src\main\AndroidManifest.xml:7:5-78
10-->src\main\AndroidManifest.xml:7:22-76
11
12    <application tools:ignore="AllowBackup,GoogleAppIndexingWarning,MissingApplicationIcon" />
12-->src\main\AndroidManifest.xml:9:5-10:85
12-->src\main\AndroidManifest.xml:10:9-83
13
14</manifest>